[2026-03-05 13:08:59.275] [Device] [critical] Execute command 23 failed: Device error: [UNKNOWN]
[2026-03-05 13:10:52.379] [Device] [critical] Execute command 23 failed: Device error: [UNKNOWN]
[2026-03-05 13:14:43.027] [Device] [critical] Execute command 23 failed: Device error: [UNKNOWN]
[2026-03-05 13:15:48.984] [Device] [warning] Device is not connected!
[2026-03-05 13:58:00.363] [Device] [critical] Execute command 23 failed: Device error: [UNKNOWN]
[2026-03-05 14:06:21.446] [Device] [critical] Execute command 23 failed: Device error: [UNKNOWN]
[2026-03-05 14:06:49.527] [Device] [critical] Execute command 23 failed: Device error: [UNKNOWN]
[2026-03-05 14:07:44.490] [Device] [critical] Execute command 23 failed: Device error: [UNKNOWN]
[2026-03-05 14:08:23.145] [Device] [warning] Device is not connected!
[2026-03-05 14:39:07.099] [Device] [critical] Execute command 23 failed: Device error: [UNKNOWN]
[2026-03-05 14:39:57.936] [Device] [warning] Device is not connected!
[2026-03-05 14:40:09.727] [Device] [critical] Execute command 23 failed: Device error: [UNKNOWN]
[2026-03-05 14:40:18.498] [Device] [critical] Execute command 23 failed: Device error: [UNKNOWN]
[2026-03-05 15:06:22.834] [Device] [critical] Execute command 23 failed: Device error: [UNKNOWN]
[2026-03-05 15:12:14.747] [Device] [critical] Execute command 23 failed: Device error: [UNKNOWN]
[2026-03-05 15:12:53.335] [Device] [warning] Device is not connected!
[2026-03-05 15:13:12.350] [Device] [critical] Execute command 23 failed: Device error: [UNKNOWN]
[2026-03-05 15:13:53.365] [Device] [warning] Device is not connected!
[2026-03-05 15:14:29.153] [Device] [critical] Execute command 23 failed: Device error: [UNKNOWN]
[2026-03-05 15:15:28.685] [Device] [critical] Execute command 23 failed: Device error: [UNKNOWN]
[2026-03-05 15:16:15.274] [Device] [warning] Device is not connected!
[2026-03-05 15:16:54.539] [Device] [critical] Execute command 23 failed: Device error: [UNKNOWN]
[2026-03-05 15:18:27.504] [Device] [warning] Device is not connected!
[2026-03-05 15:18:43.564] [Device] [critical] Execute command 23 failed: Device error: [UNKNOWN]
[2026-03-05 15:43:16.664] [Device] [critical] Execute command 23 failed: Device error: [UNKNOWN]
[2026-03-05 15:57:23.417] [Device] [critical] Execute command 23 failed: Device error: [UNKNOWN]
[2026-03-05 16:26:13.127] [Device] [critical] Execute command 23 failed: Device error: [UNKNOWN]
[2026-03-05 16:26:53.941] [Device] [warning] Device is not connected!
[2026-03-05 16:27:02.870] [Device] [critical] Execute command 23 failed: Device error: [UNKNOWN]
[2026-03-05 16:28:57.954] [Device] [critical] Execute command 23 failed: Device error: [UNKNOWN]
[2026-03-05 16:29:47.424] [Device] [warning] Device is not connected!
[2026-03-05 16:30:26.038] [Device] [critical] Execute command 23 failed: Device error: [UNKNOWN]
[2026-03-05 16:43:50.747] [Device] [error] Failed to create BLEDevice: Can not read Model number ErrorCore: 0
[2026-03-05 16:44:37.895] [Device] [critical] Execute command 23 failed: Device error: [UNKNOWN]
[2026-03-05 16:45:14.146] [Device] [warning] Device is not connected!
[2026-03-05 16:45:24.336] [Device] [critical] Execute command 23 failed: Device error: [UNKNOWN]
[2026-03-05 16:46:12.580] [Device] [warning] Device is not connected!
[2026-03-05 16:47:39.702] [Device] [critical] Execute command 23 failed: Device error: [UNKNOWN]
[2026-03-05 16:48:37.109] [Device] [warning] Device is not connected!
[2026-03-05 16:48:56.446] [Device] [critical] Execute command 23 failed: Device error: [UNKNOWN]
[2026-03-06 10:46:57.726] [Device] [critical] Execute command 23 failed: Device error: [UNKNOWN]
[2026-03-06 11:03:20.620] [Device] [critical] Execute command 23 failed: Device error: [UNKNOWN]
[2026-03-06 11:04:17.368] [Device] [warning] Device is not connected!
[2026-03-06 11:04:37.363] [Device] [critical] Execute command 23 failed: Device error: [UNKNOWN]
[2026-03-06 11:05:15.801] [Device] [warning] Device is not connected!
[2026-03-06 11:06:37.545] [Device] [critical] Execute command 25 failed: Device error: [ERR_DATA_SEND]
[2026-03-06 11:06:44.834] [Device] [critical] Execute command 23 failed: Device error: [ERR_DATA_SEND]
[2026-03-06 11:06:49.740] [Device] [warning] Device is not connected!
[2026-03-06 11:07:04.729] [Device] [critical] Execute command 23 failed: Device error: [UNKNOWN]
[2026-03-06 11:07:51.149] [Device] [warning] Device is not connected!
[2026-03-06 11:08:24.053] [Device] [critical] Execute command 23 failed: Device error: [UNKNOWN]
[2026-03-06 11:09:13.919] [Device] [warning] Device is not connected!
[2026-03-06 11:09:41.336] [Device] [critical] Execute command 23 failed: Device error: [UNKNOWN]
[2026-03-06 11:10:40.798] [Device] [critical] Execute command 23 failed: Device error: [UNKNOWN]
[2026-03-06 11:11:26.475] [Device] [warning] Device is not connected!
[2026-03-06 11:14:08.108] [Device] [critical] Execute command 23 failed: Device error: [UNKNOWN]
[2026-03-06 11:14:48.919] [Device] [warning] Device is not connected!
[2026-03-06 11:15:09.250] [Device] [critical] Execute command 23 failed: Device error: [UNKNOWN]
[2026-03-06 11:16:03.890] [Device] [warning] Device is not connected!
[2026-03-06 11:21:17.394] [Device] [warning] Device is not connected!
[2026-03-06 11:21:39.209] [Device] [critical] Execute command 23 failed: Device error: [UNKNOWN]
[2026-03-06 11:22:42.813] [Device] [critical] Execute command 23 failed: Device error: [UNKNOWN]
[2026-03-06 11:23:36.301] [Device] [warning] Device is not connected!
[2026-03-06 11:24:04.335] [Device] [warning] Device is not connected!
[2026-03-06 11:26:01.781] [Device] [critical] Execute command 23 failed: Device error: [UNKNOWN]
[2026-03-06 11:30:14.632] [Device] [warning] Device is not connected!
[2026-03-06 11:32:32.159] [Device] [critical] Execute command 23 failed: Device error: [UNKNOWN]
[2026-03-06 11:40:14.976] [Device] [warning] Device is not connected!
[2026-03-06 11:45:37.337] [Device] [error] NT exception [BLE adapter not found or disabled][0]
[2026-03-06 11:46:13.736] [Device] [error] NT exception [BLE adapter not found or disabled][0]
[2026-03-06 11:47:24.539] [Device] [error] NT exception [BLE adapter not found or disabled][0]
[2026-03-06 11:48:31.188] [Device] [critical] Execute command 23 failed: Device error: [UNKNOWN]
[2026-03-06 11:49:20.837] [Device] [warning] Device is not connected!
[2026-03-06 11:49:39.647] [Device] [critical] Execute command 23 failed: Device error: [UNKNOWN]
[2026-03-06 11:50:55.489] [Device] [critical] Execute command 23 failed: Device error: [UNKNOWN]
[2026-03-06 11:58:14.347] [Device] [critical] Execute command 23 failed: Device error: [UNKNOWN]
[2026-03-06 11:59:00.068] [Device] [warning] Device is not connected!
[2026-03-06 11:59:10.388] [Device] [critical] Execute command 23 failed: Device error: [UNKNOWN]
[2026-03-06 12:07:10.085] [Device] [error] Failed to create BLEDevice: Can not read Serial number ErrorCore: 0
[2026-03-06 12:08:43.167] [Device] [critical] Execute command 23 failed: Device error: [UNKNOWN]
[2026-03-06 12:25:54.796] [Device] [warning] Device is not connected!
[2026-03-09 15:16:59.231] [Device] [critical] Execute command 23 failed: Device error: [UNKNOWN]
[2026-03-09 15:22:50.468] [Device] [critical] Execute command 23 failed: Device error: [UNKNOWN]
[2026-03-09 16:10:31.937] [Device] [error] NT exception [BLE adapter not found or disabled][0]
[2026-03-09 16:14:20.582] [Device] [critical] Execute command 23 failed: Device error: [UNKNOWN]
[2026-03-09 16:21:29.023] [Device] [warning] Device is not connected!
[2026-03-09 16:21:29.023] [Device] [warning] Device is not connected!
[2026-03-09 16:21:29.928] [Device] [warning] Device is not connected!
[2026-03-09 16:21:56.897] [Device] [error] Failed to create BLEDevice: Can not read Hardware Revision ErrorCore: 0
[2026-03-09 16:23:15.268] [Device] [critical] Execute command 23 failed: Device error: [UNKNOWN]
[2026-03-09 16:27:33.896] [Device] [critical] Execute command 23 failed: Device error: [UNKNOWN]
[2026-03-09 16:30:30.775] [Device] [critical] Execute command 23 failed: Device error: [UNKNOWN]
[2026-03-09 16:49:53.748] [Device] [critical] Execute command 23 failed: Device error: [UNKNOWN]
[2026-03-09 16:54:39.029] [Device] [error] Failed to create BLEDevice: Can not read Serial number ErrorCore: 0
[2026-03-09 16:56:14.686] [Device] [critical] Execute command 23 failed: Device error: [UNKNOWN]
[2026-03-09 17:00:14.173] [Device] [critical] Execute command 23 failed: Device error: [UNKNOWN]
[2026-03-09 17:03:18.342] [Device] [critical] Execute command 23 failed: Device error: [UNKNOWN]
[2026-03-09 17:11:24.132] [Device] [error] No devices with ID 820628 were found
[2026-03-09 17:13:00.293] [Device] [error] Failed to create BLEDevice: Can not read Hardware Revision ErrorCore: 0
[2026-03-09 17:14:09.338] [Device] [critical] Execute command 23 failed: Device error: [UNKNOWN]
[2026-03-09 17:16:38.076] [Device] [critical] Execute command 23 failed: Device error: [UNKNOWN]
[2026-03-09 17:24:53.013] [Device] [critical] Execute command 23 failed: Device error: [UNKNOWN]
[2026-03-09 17:44:37.735] [Device] [critical] Execute command 23 failed: Device error: [UNKNOWN]
[2026-03-09 17:49:21.534] [Device] [critical] Execute command 23 failed: Device error: [UNKNOWN]
[2026-03-10 10:52:43.501] [Device] [error] NT exception [BLE adapter not found or disabled][0]
[2026-03-10 10:53:46.280] [Device] [error] NT exception [BLE adapter not found or disabled][0]
[2026-03-10 11:35:12.164] [Device] [error] Failed to create BLEDevice: Can not read Serial number ErrorCore: 0
[2026-03-10 11:36:55.915] [Device] [error] NT exception [BLE adapter not found or disabled][0]
[2026-03-10 11:40:06.382] [Device] [error] NT exception [BLE adapter not found or disabled][0]
[2026-03-10 11:56:38.724] [Device] [error] NT exception [BLE adapter not found or disabled][0]
[2026-03-10 11:57:35.375] [Device] [error] NT exception [BLE adapter not found or disabled][0]
[2026-03-10 11:58:19.225] [Device] [error] Failed to create BLEDevice: Can not read Serial number ErrorCore: 0
[2026-03-10 11:58:55.016] [Device] [error] Failed to create BLEDevice: Can not read Serial number ErrorCore: 0
[2026-03-10 11:59:27.330] [Device] [error] Failed to create BLEDevice: Can not read Serial number ErrorCore: 0
[2026-03-10 12:00:54.303] [Device] [error] Failed to create BLEDevice: Can not read Serial number ErrorCore: 0
[2026-03-10 12:02:17.643] [Device] [error] Failed to create BLEDevice: Can not read Serial number ErrorCore: 0
[2026-03-10 12:03:49.231] [Device] [critical] Execute command 23 failed: Device error: [UNKNOWN]
[2026-03-10 12:08:31.484] [Device] [critical] Execute command 23 failed: Device error: [UNKNOWN]
[2026-03-10 12:08:37.123] [Device] [critical] Execute command 23 failed: Device error: [UNKNOWN]
[2026-03-10 12:11:17.693] [Device] [critical] Execute command 23 failed: Device error: [UNKNOWN]
[2026-03-10 12:12:03.175] [Device] [critical] Execute command 23 failed: Device error: [UNKNOWN]
[2026-03-10 12:34:49.026] [Device] [critical] Execute command 23 failed: Device error: [UNKNOWN]
